{"C:\\Users\\artem\\Desktop\\Netology\\Продвинутый JS\\prototype\\src\\js\\Bowerman.js": {"path":"C:\\Users\\artem\\Desktop\\Netology\\Продвинутый JS\\prototype\\src\\js\\Bowerman.js","statementMap":{"0":{"start":{"line":6,"column":4},"end":{"line":6,"column":28}},"1":{"start":{"line":7,"column":4},"end":{"line":7,"column":21}},"2":{"start":{"line":8,"column":4},"end":{"line":8,"column":22}}},"fnMap":{"0":{"name":"(anonymous_0)","decl":{"start":{"line":5,"column":2},"end":{"line":5,"column":3}},"loc":{"start":{"line":5,"column":20},"end":{"line":9,"column":3}},"line":5}},"branchMap":{},"s":{"0":1,"1":1,"2":1},"f":{"0":1},"b":{},"_coverageSchema":"1a1c01bbd47fc00a2c39e90264f33305004495a9","hash":"db48ed45a7b4c0c210d645c7223c4f509bb8728e"}
,"C:\\Users\\artem\\Desktop\\Netology\\Продвинутый JS\\prototype\\src\\js\\Character.js": {"path":"C:\\Users\\artem\\Desktop\\Netology\\Продвинутый JS\\prototype\\src\\js\\Character.js","statementMap":{"0":{"start":{"line":4,"column":4},"end":{"line":4,"column":21}},"1":{"start":{"line":5,"column":4},"end":{"line":5,"column":21}},"2":{"start":{"line":6,"column":4},"end":{"line":6,"column":22}},"3":{"start":{"line":7,"column":4},"end":{"line":7,"column":19}},"4":{"start":{"line":8,"column":4},"end":{"line":10,"column":5}},"5":{"start":{"line":9,"column":6},"end":{"line":9,"column":43}},"6":{"start":{"line":11,"column":4},"end":{"line":13,"column":5}},"7":{"start":{"line":12,"column":6},"end":{"line":12,"column":50}}},"fnMap":{"0":{"name":"(anonymous_0)","decl":{"start":{"line":3,"column":2},"end":{"line":3,"column":3}},"loc":{"start":{"line":3,"column":26},"end":{"line":14,"column":3}},"line":3}},"branchMap":{"0":{"loc":{"start":{"line":8,"column":4},"end":{"line":10,"column":5}},"type":"if","locations":[{"start":{"line":8,"column":4},"end":{"line":10,"column":5}},{"start":{"line":8,"column":4},"end":{"line":10,"column":5}}],"line":8},"1":{"loc":{"start":{"line":8,"column":8},"end":{"line":8,"column":54}},"type":"binary-expr","locations":[{"start":{"line":8,"column":8},"end":{"line":8,"column":29}},{"start":{"line":8,"column":33},"end":{"line":8,"column":54}}],"line":8},"2":{"loc":{"start":{"line":11,"column":4},"end":{"line":13,"column":5}},"type":"if","locations":[{"start":{"line":11,"column":4},"end":{"line":13,"column":5}},{"start":{"line":11,"column":4},"end":{"line":13,"column":5}}],"line":11},"3":{"loc":{"start":{"line":11,"column":8},"end":{"line":11,"column":167}},"type":"binary-expr","locations":[{"start":{"line":11,"column":8},"end":{"line":11,"column":30}},{"start":{"line":11,"column":34},"end":{"line":11,"column":58}},{"start":{"line":11,"column":62},"end":{"line":11,"column":87}},{"start":{"line":11,"column":91},"end":{"line":11,"column":115}},{"start":{"line":11,"column":119},"end":{"line":11,"column":141}},{"start":{"line":11,"column":145},"end":{"line":11,"column":167}}],"line":11}},"s":{"0":8,"1":8,"2":8,"3":8,"4":8,"5":1,"6":7,"7":1},"f":{"0":8},"b":{"0":[1,7],"1":[8,7],"2":[1,6],"3":[7,6,5,4,3,2]},"_coverageSchema":"1a1c01bbd47fc00a2c39e90264f33305004495a9","hash":"7aabb5710f7564efbd004a084064588ee93bfb68"}
,"C:\\Users\\artem\\Desktop\\Netology\\Продвинутый JS\\prototype\\src\\js\\Daemon.js": {"path":"C:\\Users\\artem\\Desktop\\Netology\\Продвинутый JS\\prototype\\src\\js\\Daemon.js","statementMap":{"0":{"start":{"line":6,"column":4},"end":{"line":6,"column":26}},"1":{"start":{"line":7,"column":4},"end":{"line":7,"column":21}},"2":{"start":{"line":8,"column":4},"end":{"line":8,"column":22}}},"fnMap":{"0":{"name":"(anonymous_0)","decl":{"start":{"line":5,"column":2},"end":{"line":5,"column":3}},"loc":{"start":{"line":5,"column":20},"end":{"line":9,"column":3}},"line":5}},"branchMap":{},"s":{"0":1,"1":1,"2":1},"f":{"0":1},"b":{},"_coverageSchema":"1a1c01bbd47fc00a2c39e90264f33305004495a9","hash":"2bdebbc177329755df8761fe975afd2edbb4d7ce"}
,"C:\\Users\\artem\\Desktop\\Netology\\Продвинутый JS\\prototype\\src\\js\\Magician.js": {"path":"C:\\Users\\artem\\Desktop\\Netology\\Продвинутый JS\\prototype\\src\\js\\Magician.js","statementMap":{"0":{"start":{"line":5,"column":4},"end":{"line":5,"column":28}},"1":{"start":{"line":6,"column":4},"end":{"line":6,"column":21}},"2":{"start":{"line":7,"column":4},"end":{"line":7,"column":22}}},"fnMap":{"0":{"name":"(anonymous_0)","decl":{"start":{"line":4,"column":2},"end":{"line":4,"column":3}},"loc":{"start":{"line":4,"column":20},"end":{"line":8,"column":3}},"line":4}},"branchMap":{},"s":{"0":1,"1":1,"2":1},"f":{"0":1},"b":{},"_coverageSchema":"1a1c01bbd47fc00a2c39e90264f33305004495a9","hash":"f395cafb85c9d53b560bdae113f4446c3b740310"}
,"C:\\Users\\artem\\Desktop\\Netology\\Продвинутый JS\\prototype\\src\\js\\Swordsman.js": {"path":"C:\\Users\\artem\\Desktop\\Netology\\Продвинутый JS\\prototype\\src\\js\\Swordsman.js","statementMap":{"0":{"start":{"line":5,"column":4},"end":{"line":5,"column":29}},"1":{"start":{"line":6,"column":4},"end":{"line":6,"column":21}},"2":{"start":{"line":7,"column":4},"end":{"line":7,"column":22}}},"fnMap":{"0":{"name":"(anonymous_0)","decl":{"start":{"line":4,"column":2},"end":{"line":4,"column":3}},"loc":{"start":{"line":4,"column":20},"end":{"line":8,"column":3}},"line":4}},"branchMap":{},"s":{"0":1,"1":1,"2":1},"f":{"0":1},"b":{},"_coverageSchema":"1a1c01bbd47fc00a2c39e90264f33305004495a9","hash":"0685bba4dfa5bf3679986d6e5ed9a81699c2199b"}
,"C:\\Users\\artem\\Desktop\\Netology\\Продвинутый JS\\prototype\\src\\js\\Undead.js": {"path":"C:\\Users\\artem\\Desktop\\Netology\\Продвинутый JS\\prototype\\src\\js\\Undead.js","statementMap":{"0":{"start":{"line":5,"column":4},"end":{"line":5,"column":26}},"1":{"start":{"line":6,"column":4},"end":{"line":6,"column":21}},"2":{"start":{"line":7,"column":4},"end":{"line":7,"column":22}}},"fnMap":{"0":{"name":"(anonymous_0)","decl":{"start":{"line":4,"column":2},"end":{"line":4,"column":3}},"loc":{"start":{"line":4,"column":20},"end":{"line":8,"column":3}},"line":4}},"branchMap":{},"s":{"0":1,"1":1,"2":1},"f":{"0":1},"b":{},"_coverageSchema":"1a1c01bbd47fc00a2c39e90264f33305004495a9","hash":"57ced2854f41f78e544ae3aa66e43abf17d768c6"}
,"C:\\Users\\artem\\Desktop\\Netology\\Продвинутый JS\\prototype\\src\\js\\Zombie.js": {"path":"C:\\Users\\artem\\Desktop\\Netology\\Продвинутый JS\\prototype\\src\\js\\Zombie.js","statementMap":{"0":{"start":{"line":5,"column":4},"end":{"line":5,"column":26}},"1":{"start":{"line":6,"column":4},"end":{"line":6,"column":21}},"2":{"start":{"line":7,"column":4},"end":{"line":7,"column":22}}},"fnMap":{"0":{"name":"(anonymous_0)","decl":{"start":{"line":4,"column":2},"end":{"line":4,"column":3}},"loc":{"start":{"line":4,"column":20},"end":{"line":8,"column":3}},"line":4}},"branchMap":{},"s":{"0":1,"1":1,"2":1},"f":{"0":1},"b":{},"_coverageSchema":"1a1c01bbd47fc00a2c39e90264f33305004495a9","hash":"3f30d665a776c80de162b3eecf99e5817e81f1c0"}
}
